> Task :compileJava UP-TO-DATE
> Task :processResources UP-TO-DATE
> Task :classes UP-TO-DATE
> Task :resolveMainClassName UP-TO-DATE

> Task :bootRun

  .   ____          _            __ _ _
 /\\ / ___'_ __ _ _(_)_ __  __ _ \ \ \ \
( ( )\___ | '_ | '_| | '_ \/ _` | \ \ \ \
 \\/  ___)| |_)| | | | | || (_| |  ) ) ) )
  '  |____| .__|_| |_|_| |_\__, | / / / /
 =========|_|==============|___/=/_/_/_/
 :: Spring Boot ::                (v3.2.1)

2026-01-10T16:25:23.814+09:00  INFO 21844 --- [sabo-system] [           main] c.k.sabosystem.SaboSystemApplication     : Starting SaboSystemApplication using Java 17.0.13 with PID 21844 (D:\berodu\SORIN\project\Magazine\build\classes\java\main started by hereisjeju in D:\berodu\SORIN\project\Magazine)
2026-01-10T16:25:23.816+09:00  INFO 21844 --- [sabo-system] [           main] c.k.sabosystem.SaboSystemApplication     : No active profile set, falling back to 1 default profile: "default"
2026-01-10T16:25:24.678+09:00  INFO 21844 --- [sabo-system] [           main] .s.d.r.c.RepositoryConfigurationDelegate : Bootstrapping Spring Data JPA repositories in DEFAULT mode.
2026-01-10T16:25:24.763+09:00  INFO 21844 --- [sabo-system] [           main] .s.d.r.c.RepositoryConfigurationDelegate : Finished Spring Data repository scanning in 78 ms. Found 11 JPA repository interfaces.
2026-01-10T16:25:25.489+09:00  INFO 21844 --- [sabo-system] [           main] o.s.b.w.embedded.tomcat.TomcatWebServer  : Tomcat initialized with port 8080 (http)
2026-01-10T16:25:25.500+09:00  INFO 21844 --- [sabo-system] [           main] o.apache.catalina.core.StandardService   : Starting service [Tomcat]
2026-01-10T16:25:25.500+09:00  INFO 21844 --- [sabo-system] [           main] o.apache.catalina.core.StandardEngine    : Starting Servlet engine: [Apache Tomcat/10.1.17]
2026-01-10T16:25:25.578+09:00  INFO 21844 --- [sabo-system] [           main] o.a.c.c.C.[Tomcat].[localhost].[/]       : Initializing Spring embedded WebApplicationContext
2026-01-10T16:25:25.579+09:00  INFO 21844 --- [sabo-system] [           main] w.s.c.ServletWebServerApplicationContext : Root WebApplicationContext: initialization completed in 1705 ms
2026-01-10T16:25:25.695+09:00  INFO 21844 --- [sabo-system] [           main] com.zaxxer.hikari.HikariDataSource       : HikariPool-1 - Starting...
2026-01-10T16:25:25.905+09:00  INFO 21844 --- [sabo-system] [           main] com.zaxxer.hikari.pool.HikariPool        : HikariPool-1 - Added connection org.postgresql.jdbc.PgConnection@4c18516
2026-01-10T16:25:25.906+09:00  INFO 21844 --- [sabo-system] [           main] com.zaxxer.hikari.HikariDataSource       : HikariPool-1 - Start completed.
2026-01-10T16:25:28.457+09:00  INFO 21844 --- [sabo-system] [           main] o.hibernate.jpa.internal.util.LogHelper  : HHH000204: Processing PersistenceUnitInfo [name: default]
2026-01-10T16:25:28.521+09:00  INFO 21844 --- [sabo-system] [           main] org.hibernate.Version                    : HHH000412: Hibernate ORM core version 6.4.1.Final
2026-01-10T16:25:28.555+09:00  INFO 21844 --- [sabo-system] [           main] o.h.c.internal.RegionFactoryInitiator    : HHH000026: Second-level cache disabled
2026-01-10T16:25:28.806+09:00  INFO 21844 --- [sabo-system] [           main] o.s.o.j.p.SpringPersistenceUnitInfo      : No LoadTimeWeaver setup: ignoring JPA class transformer
2026-01-10T16:25:28.861+09:00  WARN 21844 --- [sabo-system] [           main] org.hibernate.orm.deprecation            : HHH90000025: PostgreSQLDialect does not need to be specified explicitly using 'hibernate.dialect' (remove the property setting and it will be selected by default)
2026-01-10T16:25:29.995+09:00  INFO 21844 --- [sabo-system] [           main] o.h.e.t.j.p.i.JtaPlatformInitiator       : HHH000489: No JTA platform available (set 'hibernate.transaction.jta.platform' to enable JTA platform integration)
2026-01-10T16:25:30.062+09:00  INFO 21844 --- [sabo-system] [           main] j.LocalContainerEntityManagerFactoryBean : Initialized JPA EntityManagerFactory for persistence unit 'default'
2026-01-10T16:25:30.320+09:00  INFO 21844 --- [sabo-system] [           main] o.s.d.j.r.query.QueryEnhancerFactory     : Hibernate is in classpath; If applicable, HQL parser will be used.
2026-01-10T16:25:31.399+09:00  WARN 21844 --- [sabo-system] [           main] JpaBaseConfiguration$JpaWebConfiguration : spring.jpa.open-in-view is enabled by default. Therefore, database queries may be performed during view rendering. Explicitly configure spring.jpa.open-in-view to disable this warning
2026-01-10T16:25:31.804+09:00  INFO 21844 --- [sabo-system] [           main] o.s.s.web.DefaultSecurityFilterChain     : Will secure any request with [org.springframework.security.web.session.DisableEncodeUrlFilter@1c6d908b, org.springframework.security.web.context.request.async.WebAsyncManagerIntegrationFilter@5dd52021, org.springframework.security.web.context.SecurityContextHolderFilter@276d3d00, org.springframework.security.web.header.HeaderWriterFilter@757e13b2, org.springframework.web.filter.CorsFilter@24fb6521, org.springframework.security.web.authentication.logout.LogoutFilter@540accf4, com.koreazinc.sabosystem.security.JwtAuthenticationFilter@393bd750, org.springframework.security.web.savedrequest.RequestCacheAwareFilter@6d548d27, org.springframework.security.web.servletapi.SecurityContextHolderAwareRequestFilter@4e8c139a, org.springframework.security.web.authentication.AnonymousAuthenticationFilter@49a2f134, org.springframework.security.web.session.SessionManagementFilter@7fdef973, org.springframework.security.web.access.ExceptionTranslationFilter@72f6cd2e, org.springframework.security.web.access.intercept.AuthorizationFilter@346ea2ed]
2026-01-10T16:25:32.158+09:00  WARN 21844 --- [sabo-system] [           main] ConfigServletWebServerApplicationContext : Exception encountered during context initialization - cancelling refresh attempt: org.springframework.context.ApplicationContextException: Failed to start bean 'webServerStartStop'
2026-01-10T16:25:32.161+09:00  INFO 21844 --- [sabo-system] [           main] j.LocalContainerEntityManagerFactoryBean : Closing JPA EntityManagerFactory for persistence unit 'default'
2026-01-10T16:25:32.163+09:00  INFO 21844 --- [sabo-system] [           main] com.zaxxer.hikari.HikariDataSource       : HikariPool-1 - Shutdown initiated...
2026-01-10T16:25:32.178+09:00  INFO 21844 --- [sabo-system] [           main] com.zaxxer.hikari.HikariDataSource       : HikariPool-1 - Shutdown completed.
2026-01-10T16:25:32.198+09:00  INFO 21844 --- [sabo-system] [           main] .s.b.a.l.ConditionEvaluationReportLogger : 

Error starting ApplicationContext. To display the condition evaluation report re-run your application with 'debug' enabled.
2026-01-10T16:25:32.325+09:00 ERROR 21844 --- [sabo-system] [           main] o.s.b.d.LoggingFailureAnalysisReporter   : 

***************************
APPLICATION FAILED TO START
***************************

Description:

Web server failed to start. Port 8080 was already in use.

Action:

Identify and stop the process that's listening on port 8080 or configure this application to listen on another port.


> Task :bootRun FAILED

FAILURE: Build failed with an exception.

* What went wrong:
Execution failed for task ':bootRun'.
> Process 'command 'D:\berodu\JAVA\microsoft-jdk-17.0.13-windows-x64\jdk-17.0.13+11\bin\java.exe'' finished with non-zero exit value 1

* Try:
> Run with --stacktrace option to get the stack trace.
> Run with --info or --debug option to get more log output.
> Run with --scan to get full insights.
> Get more help at https://help.gradle.org.

BUILD FAILED in 13s
4 actionable tasks: 1 executed, 3 up-to-date
